********************************************************************************
*                             Initializing Cubiquity                           *
********************************************************************************
[21:50:09, Info   ]: Creating voxel database from 'C:/Users/Michael Voigt/Documents/SWTOR/Assets/StreamingAssets/Cubiquity/VoxelDatabases/Examples/VoxeliensTerrain.vdb'
[21:50:47, Info   ]: Creating voxel database from 'C:/Users/Michael Voigt/Documents/SWTOR/Assets/StreamingAssets/Cubiquity/VoxelDatabases/Examples/VoxeliensTerrain.vdb'
[21:50:51, Info   ]: Creating empty voxel database as 'C:/Users/MICHAE~1/AppData/Local/Temp/me/SWTOR Galaxy/39DA5B68.vdb'
[21:51:07, Info   ]: Resizing compressed data buffer to 288486bytes. This should only happen once
[21:51:40, Info   ]: Creating voxel database from 'C:/Users/Michael Voigt/Documents/SWTOR/Assets/StreamingAssets/Cubiquity/VoxelDatabases/Examples/VoxeliensTerrain.vdb'
[21:51:59, Info   ]: Creating empty voxel database as 'C:/Users/MICHAE~1/AppData/Local/Temp/me/SWTOR Galaxy/22A04212.vdb'
[21:52:01, Info   ]: Resizing compressed data buffer to 288486bytes. This should only happen once
[21:52:06, Info   ]: Creating empty voxel database as 'C:/Users/MICHAE~1/AppData/Local/Temp/me/SWTOR Galaxy/5F015FEF.vdb'
[21:52:13, Info   ]: Resizing compressed data buffer to 288486bytes. This should only happen once
[21:52:13, Info   ]: Creating voxel database from 'C:/Users/Michael Voigt/Documents/SWTOR/Assets/StreamingAssets/Cubiquity/VoxelDatabases/Examples/Tests/SmallSphere.vdb'
[21:52:23, Info   ]: Creating voxel database from 'C:/Users/Michael Voigt/Documents/SWTOR/Assets/StreamingAssets/Cubiquity/VoxelDatabases/Examples/ImportedFromHeightmap.vdb'
[21:52:39, Info   ]: Creating voxel database from 'C:/Users/Michael Voigt/Documents/SWTOR/Assets/StreamingAssets/Cubiquity/VoxelDatabases/Examples/ImportedFromHeightmap.vdb'
[21:53:30, Info   ]: Resizing compressed data buffer to 288486bytes. This should only happen once
[21:53:30, Info   ]: Creating voxel database from 'C:/Users/Michael Voigt/Documents/SWTOR/Assets/StreamingAssets/Cubiquity/VoxelDatabases/Examples/ImportedFromHeightmap.vdb'
[21:53:46, Info   ]: Creating empty voxel database as 'C:/Users/MICHAE~1/AppData/Local/Temp/me/SWTOR Galaxy/4D4DC7FB.vdb'
[21:53:58, Info   ]: Resizing compressed data buffer to 288486bytes. This should only happen once
[21:54:03, Info   ]: Creating voxel database from 'C:/Users/Michael Voigt/Documents/SWTOR/Assets/StreamingAssets/Cubiquity/VoxelDatabases/Examples/VoxeliensTerrain.vdb'
[21:54:25, Info   ]: Creating voxel database from 'C:/Users/Michael Voigt/Documents/SWTOR/Assets/StreamingAssets/Cubiquity/VoxelDatabases/Examples/ImportedCity.vdb'
[21:55:14, Info   ]: Creating voxel database from 'C:/Users/Michael Voigt/Documents/SWTOR/Assets/StreamingAssets/Cubiquity/VoxelDatabases/Examples/VoxeliensColoredCubes.vdb'
[21:55:32, Info   ]: Creating voxel database from 'C:/Users/Michael Voigt/Documents/SWTOR/Assets/StreamingAssets/Cubiquity/VoxelDatabases/Examples/VoxeliensColoredCubes.vdb'
[22:15:22, Info   ]: Creating voxel database from 'C:/Users/Michael Voigt/Documents/SWTOR/Assets/StreamingAssets/Cubiquity/VoxelDatabases/Examples/VoxeliensColoredCubes.vdb'
[22:15:48, Info   ]: Creating voxel database from 'C:/Users/Michael Voigt/Documents/SWTOR/Assets/StreamingAssets/Cubiquity/VoxelDatabases/Examples/VoxeliensColoredCubes.vdb'
[22:22:35, Info   ]: Creating empty voxel database as 'C:/Users/MICHAE~1/AppData/Local/Temp/me/SWTOR Galaxy/2F966D73.vdb'
[22:22:39, Info   ]: Resizing compressed data buffer to 144307bytes. This should only happen once
[22:22:54, Info   ]: Creating empty voxel database as 'C:/Users/MICHAE~1/AppData/Local/Temp/me/SWTOR Galaxy/3D9EE973.vdb'
[22:22:58, Info   ]: Resizing compressed data buffer to 144307bytes. This should only happen once
[22:23:55, Info   ]: Creating empty voxel database as 'C:/Users/MICHAE~1/AppData/Local/Temp/me/SWTOR Galaxy/41011B30.vdb'
[22:23:58, Info   ]: Resizing compressed data buffer to 144307bytes. This should only happen once
[22:24:37, Info   ]: Creating empty voxel database as 'C:/Users/MICHAE~1/AppData/Local/Temp/me/SWTOR Galaxy/3212CCE0.vdb'
[22:24:40, Info   ]: Resizing compressed data buffer to 144307bytes. This should only happen once
[22:24:43, Info   ]: Creating empty voxel database as 'C:/Users/MICHAE~1/AppData/Local/Temp/me/SWTOR Galaxy/4B550FC1.vdb'
[22:24:46, Info   ]: Resizing compressed data buffer to 144307bytes. This should only happen once
[22:27:44, Info   ]: Creating empty voxel database as 'C:/Users/MICHAE~1/AppData/Local/Temp/me/SWTOR Galaxy/53BC2D64.vdb'
[22:27:46, Info   ]: Resizing compressed data buffer to 144307bytes. This should only happen once
[22:27:49, Info   ]: Creating empty voxel database as 'C:/Users/MICHAE~1/AppData/Local/Temp/me/SWTOR Galaxy/053A98C2.vdb'
[22:27:52, Info   ]: Resizing compressed data buffer to 144307bytes. This should only happen once
[22:40:42, Info   ]: Creating empty voxel database as 'C:/Users/MICHAE~1/AppData/Local/Temp/me/SWTOR Galaxy/4004D489.vdb'
[22:40:46, Info   ]: Resizing compressed data buffer to 144307bytes. This should only happen once
[22:42:22, Info   ]: Creating empty voxel database as 'C:/Users/MICHAE~1/AppData/Local/Temp/me/SWTOR Galaxy/48A47EE8.vdb'
[22:42:24, Info   ]: Resizing compressed data buffer to 144307bytes. This should only happen once
[22:42:27, Info   ]: Creating empty voxel database as 'C:/Users/MICHAE~1/AppData/Local/Temp/me/SWTOR Galaxy/049C6B48.vdb'
[22:42:29, Info   ]: Resizing compressed data buffer to 144307bytes. This should only happen once
[22:47:51, Info   ]: Creating empty voxel database as 'C:/Users/MICHAE~1/AppData/Local/Temp/me/SWTOR Galaxy/0E764D59.vdb'
[22:48:18, Info   ]: Resizing compressed data buffer to 144307bytes. This should only happen once
[22:48:22, Info   ]: Creating empty voxel database as 'C:/Users/MICHAE~1/AppData/Local/Temp/me/SWTOR Galaxy/7C924C61.vdb'
[22:48:33, Info   ]: Resizing compressed data buffer to 144307bytes. This should only happen once
[23:28:21, Info   ]: Creating empty voxel database as 'C:/Users/MICHAE~1/AppData/Local/Temp/me/SWTOR Galaxy/29EC68D6.vdb'
[23:28:24, Info   ]: Resizing compressed data buffer to 144307bytes. This should only happen once
[23:28:31, Info   ]: Creating empty voxel database as 'C:/Users/MICHAE~1/AppData/Local/Temp/me/SWTOR Galaxy/5300C78B.vdb'
[23:28:33, Info   ]: Resizing compressed data buffer to 144307bytes. This should only happen once
[23:28:42, Info   ]: Creating empty voxel database as 'C:/Users/MICHAE~1/AppData/Local/Temp/me/SWTOR Galaxy/799A3893.vdb'
[23:28:44, Info   ]: Resizing compressed data buffer to 144307bytes. This should only happen once
[23:28:48, Info   ]: Creating empty voxel database as 'C:/Users/MICHAE~1/AppData/Local/Temp/me/SWTOR Galaxy/776BC6D6.vdb'
[23:28:50, Info   ]: Resizing compressed data buffer to 144307bytes. This should only happen once
[23:29:00, Info   ]: Creating empty voxel database as 'C:/Users/MICHAE~1/AppData/Local/Temp/me/SWTOR Galaxy/3047C232.vdb'
[23:29:02, Info   ]: Resizing compressed data buffer to 144307bytes. This should only happen once
[23:32:25, Info   ]: Creating empty voxel database as 'C:/Users/MICHAE~1/AppData/Local/Temp/me/SWTOR Galaxy/2DDFA677.vdb'
[23:32:28, Info   ]: Resizing compressed data buffer to 144307bytes. This should only happen once
[23:32:36, Info   ]: Creating empty voxel database as 'C:/Users/MICHAE~1/AppData/Local/Temp/me/SWTOR Galaxy/4D0FEABC.vdb'
[23:32:39, Info   ]: Resizing compressed data buffer to 144307bytes. This should only happen once
[23:40:42, Info   ]: Creating empty voxel database as 'C:/Users/MICHAE~1/AppData/Local/Temp/me/SWTOR Galaxy/024B54D6.vdb'
[23:40:45, Info   ]: Resizing compressed data buffer to 144307bytes. This should only happen once
[23:55:47, Info   ]: Creating empty voxel database as 'C:/Users/MICHAE~1/AppData/Local/Temp/me/SWTOR Galaxy/63B01ACD.vdb'
[23:55:57, Info   ]: Resizing compressed data buffer to 144307bytes. This should only happen once
[23:56:02, Info   ]: Creating empty voxel database as 'C:/Users/MICHAE~1/AppData/Local/Temp/me/SWTOR Galaxy/4B601F29.vdb'
[23:56:05, Info   ]: Resizing compressed data buffer to 144307bytes. This should only happen once
[23:57:03, Info   ]: Creating empty voxel database as 'C:/Users/MICHAE~1/AppData/Local/Temp/me/SWTOR Galaxy/6D258AD8.vdb'
[23:57:06, Info   ]: Resizing compressed data buffer to 144307bytes. This should only happen once
[23:58:16, Info   ]: Creating empty voxel database as 'C:/Users/MICHAE~1/AppData/Local/Temp/me/SWTOR Galaxy/1D64D31C.vdb'
[23:58:19, Info   ]: Resizing compressed data buffer to 144307bytes. This should only happen once
[23:59:25, Info   ]: Creating empty voxel database as 'C:/Users/MICHAE~1/AppData/Local/Temp/me/SWTOR Galaxy/48CF15F2.vdb'
[23:59:30, Info   ]: Resizing compressed data buffer to 144307bytes. This should only happen once
[00:00:10, Info   ]: Creating empty voxel database as 'C:/Users/MICHAE~1/AppData/Local/Temp/me/SWTOR Galaxy/2209B29D.vdb'
[00:00:19, Info   ]: Resizing compressed data buffer to 144307bytes. This should only happen once
[00:00:28, Info   ]: Creating empty voxel database as 'C:/Users/MICHAE~1/AppData/Local/Temp/me/SWTOR Galaxy/06683EBA.vdb'
[00:00:32, Info   ]: Resizing compressed data buffer to 144307bytes. This should only happen once
[00:03:57, Info   ]: Creating empty voxel database as 'C:/Users/MICHAE~1/AppData/Local/Temp/me/SWTOR Galaxy/10B06E0D.vdb'
[00:04:01, Info   ]: Resizing compressed data buffer to 144307bytes. This should only happen once
[00:04:03, Info   ]: Creating empty voxel database as 'C:/Users/MICHAE~1/AppData/Local/Temp/me/SWTOR Galaxy/0AA47E5D.vdb'
[00:04:07, Info   ]: Resizing compressed data buffer to 144307bytes. This should only happen once
[00:05:42, Info   ]: Creating empty voxel database as 'C:/Users/MICHAE~1/AppData/Local/Temp/me/SWTOR Galaxy/69E6837F.vdb'
[00:05:51, Info   ]: Resizing compressed data buffer to 144307bytes. This should only happen once
[00:06:23, Info   ]: Creating empty voxel database as 'C:/Users/MICHAE~1/AppData/Local/Temp/me/SWTOR Galaxy/0AEECB7C.vdb'
[00:08:14, Info   ]: Resizing compressed data buffer to 144307bytes. This should only happen once
[00:08:34, Info   ]: Creating empty voxel database as 'C:/Users/MICHAE~1/AppData/Local/Temp/me/SWTOR Galaxy/063BA63F.vdb'
[00:08:45, Info   ]: Resizing compressed data buffer to 144307bytes. This should only happen once
[00:09:21, Info   ]: Creating empty voxel database as 'C:/Users/MICHAE~1/AppData/Local/Temp/me/SWTOR Galaxy/1D4A6696.vdb'
[00:11:15, Info   ]: Resizing compressed data buffer to 144307bytes. This should only happen once
[00:11:46, Info   ]: Creating empty voxel database as 'C:/Users/MICHAE~1/AppData/Local/Temp/me/SWTOR Galaxy/1DEB7F1E.vdb'
[00:11:49, Info   ]: Resizing compressed data buffer to 144307bytes. This should only happen once
[00:41:15, Info   ]: Creating empty voxel database as 'C:/Users/MICHAE~1/AppData/Local/Temp/me/SWTOR Galaxy/1476B0AB.vdb'
[00:41:21, Info   ]: Resizing compressed data buffer to 144307bytes. This should only happen once
[00:41:31, Info   ]: Creating empty voxel database as 'C:/Users/MICHAE~1/AppData/Local/Temp/me/SWTOR Galaxy/5E01CD35.vdb'
[00:41:39, Info   ]: Resizing compressed data buffer to 144307bytes. This should only happen once
[00:43:07, Info   ]: Creating empty voxel database as 'C:/Users/MICHAE~1/AppData/Local/Temp/me/SWTOR Galaxy/6F637ED7.vdb'
[00:43:24, Info   ]: Resizing compressed data buffer to 144307bytes. This should only happen once
[00:59:52, Info   ]: Creating empty voxel database as 'C:/Users/MICHAE~1/AppData/Local/Temp/me/SWTOR Galaxy/551FEB21.vdb'
[01:00:02, Info   ]: Resizing compressed data buffer to 144307bytes. This should only happen once
[01:00:26, Info   ]: Creating empty voxel database as 'C:/Users/MICHAE~1/AppData/Local/Temp/me/SWTOR Galaxy/6720EE63.vdb'
[01:00:35, Info   ]: Resizing compressed data buffer to 144307bytes. This should only happen once
[01:02:01, Info   ]: Creating empty voxel database as 'C:/Users/MICHAE~1/AppData/Local/Temp/me/SWTOR Galaxy/38E9FA97.vdb'
[01:02:10, Info   ]: Resizing compressed data buffer to 144307bytes. This should only happen once
[01:02:17, Info   ]: Creating empty voxel database as 'C:/Users/MICHAE~1/AppData/Local/Temp/me/SWTOR Galaxy/3C7DE179.vdb'
[01:02:19, Info   ]: Resizing compressed data buffer to 144307bytes. This should only happen once
[02:03:24, Info   ]: Creating empty voxel database as 'C:/Users/MICHAE~1/AppData/Local/Temp/me/SWTOR Galaxy/561F8CAC.vdb'
[02:03:35, Info   ]: Resizing compressed data buffer to 144307bytes. This should only happen once
[02:04:11, Info   ]: Creating empty voxel database as 'C:/Users/MICHAE~1/AppData/Local/Temp/me/SWTOR Galaxy/08B29BAE.vdb'
[02:04:20, Info   ]: Resizing compressed data buffer to 144307bytes. This should only happen once
[02:04:49, Info   ]: Creating empty voxel database as 'C:/Users/MICHAE~1/AppData/Local/Temp/me/SWTOR Galaxy/68800708.vdb'
[02:04:54, Info   ]: Resizing compressed data buffer to 144307bytes. This should only happen once
[02:05:28, Info   ]: Creating empty voxel database as 'C:/Users/MICHAE~1/AppData/Local/Temp/me/SWTOR Galaxy/49EFA996.vdb'
[02:05:37, Info   ]: Resizing compressed data buffer to 144307bytes. This should only happen once
[02:05:51, Info   ]: Creating empty voxel database as 'C:/Users/MICHAE~1/AppData/Local/Temp/me/SWTOR Galaxy/1B1ED631.vdb'
[02:05:58, Info   ]: Resizing compressed data buffer to 144307bytes. This should only happen once
[02:13:18, Info   ]: Creating empty voxel database as 'C:/Users/MICHAE~1/AppData/Local/Temp/me/SWTOR Galaxy/13181203.vdb'
[02:13:26, Info   ]: Resizing compressed data buffer to 144307bytes. This should only happen once
[02:14:02, Info   ]: Creating empty voxel database as 'C:/Users/MICHAE~1/AppData/Local/Temp/me/SWTOR Galaxy/2B5E52BC.vdb'
[02:14:16, Info   ]: Resizing compressed data buffer to 144307bytes. This should only happen once
[02:15:23, Info   ]: Creating empty voxel database as 'C:/Users/MICHAE~1/AppData/Local/Temp/me/SWTOR Galaxy/4B1F0DB2.vdb'
[02:17:02, Info   ]: Resizing compressed data buffer to 144307bytes. This should only happen once
[02:17:37, Info   ]: Creating empty voxel database as 'C:/Users/MICHAE~1/AppData/Local/Temp/me/SWTOR Galaxy/200ADB7C.vdb'
[02:17:40, Info   ]: Resizing compressed data buffer to 144307bytes. This should only happen once
[02:22:48, Info   ]: Creating empty voxel database as 'C:/Users/MICHAE~1/AppData/Local/Temp/me/SWTOR Galaxy/6FAD2E83.vdb'
[02:22:53, Info   ]: Resizing compressed data buffer to 144307bytes. This should only happen once
[02:23:17, Info   ]: Creating empty voxel database as 'C:/Users/MICHAE~1/AppData/Local/Temp/me/SWTOR Galaxy/4D5B15E5.vdb'
[02:23:33, Info   ]: Resizing compressed data buffer to 144307bytes. This should only happen once
[02:26:23, Info   ]: Creating empty voxel database as 'C:/Users/MICHAE~1/AppData/Local/Temp/me/SWTOR Galaxy/7187F8B4.vdb'
[02:26:59, Info   ]: Resizing compressed data buffer to 144307bytes. This should only happen once
[02:27:04, Info   ]: Creating empty voxel database as 'C:/Users/MICHAE~1/AppData/Local/Temp/me/SWTOR Galaxy/16694703.vdb'
[02:27:07, Info   ]: Resizing compressed data buffer to 144307bytes. This should only happen once
[02:28:25, Info   ]: Creating empty voxel database as 'C:/Users/MICHAE~1/AppData/Local/Temp/me/SWTOR Galaxy/4709C3F9.vdb'
[02:28:27, Info   ]: Resizing compressed data buffer to 144307bytes. This should only happen once
[02:28:43, Info   ]: Creating empty voxel database as 'C:/Users/MICHAE~1/AppData/Local/Temp/me/SWTOR Galaxy/12900AA5.vdb'
[02:28:45, Info   ]: Resizing compressed data buffer to 144307bytes. This should only happen once
[02:28:49, Info   ]: Creating empty voxel database as 'C:/Users/MICHAE~1/AppData/Local/Temp/me/SWTOR Galaxy/4C31BAF9.vdb'
[02:28:53, Info   ]: Resizing compressed data buffer to 144307bytes. This should only happen once
[02:29:11, Info   ]: Creating empty voxel database as 'C:/Users/MICHAE~1/AppData/Local/Temp/me/SWTOR Galaxy/311DF028.vdb'
[02:29:13, Info   ]: Resizing compressed data buffer to 144307bytes. This should only happen once
[02:37:54, Info   ]: Creating empty voxel database as 'C:/Users/MICHAE~1/AppData/Local/Temp/me/SWTOR Galaxy/0A9E141B.vdb'
[02:38:12, Info   ]: Resizing compressed data buffer to 144307bytes. This should only happen once
[02:38:19, Info   ]: Creating empty voxel database as 'C:/Users/MICHAE~1/AppData/Local/Temp/me/SWTOR Galaxy/2FC6BFBF.vdb'
[02:38:21, Info   ]: Resizing compressed data buffer to 144307bytes. This should only happen once
[02:40:53, Info   ]: Creating empty voxel database as 'C:/Users/MICHAE~1/AppData/Local/Temp/me/SWTOR Galaxy/043F6386.vdb'
[02:41:08, Info   ]: Resizing compressed data buffer to 144307bytes. This should only happen once
[02:41:46, Info   ]: Creating empty voxel database as 'C:/Users/MICHAE~1/AppData/Local/Temp/me/SWTOR Galaxy/1BFF5B5E.vdb'
[02:41:57, Info   ]: Resizing compressed data buffer to 144307bytes. This should only happen once
[02:42:20, Info   ]: Creating empty voxel database as 'C:/Users/MICHAE~1/AppData/Local/Temp/me/SWTOR Galaxy/127C0FF6.vdb'
[02:42:25, Info   ]: Resizing compressed data buffer to 144307bytes. This should only happen once
[02:42:46, Info   ]: Creating empty voxel database as 'C:/Users/MICHAE~1/AppData/Local/Temp/me/SWTOR Galaxy/2FF49BEF.vdb'
[02:42:57, Info   ]: Resizing compressed data buffer to 144307bytes. This should only happen once
********************************************************************************
*                             Shutting down Cubiquity                          *
********************************************************************************

